<?xml version="1.0" encoding="UTF-8"?>
<testng-results ignored="0" total="7" passed="7" failed="0" skipped="0">
  <reporter-output>
  </reporter-output>
  <suite started-at="2024-08-30T22:09:45 IST" name="Surefire suite" finished-at="2024-08-30T22:12:01 IST" duration-ms="136765">
    <groups>
      <group name="cucumber">
        <method signature="AbstractTestNGCucumberTests.runScenario(io.cucumber.testng.PickleWrapper,io.cucumber.testng.FeatureWrapper)[pri:0, instance:Testrunner.Testrunner@64cd705f]" name="runScenario" class="io.cucumber.testng.AbstractTestNGCucumberTests"/>
      </group> <!-- cucumber -->
    </groups>
    <test started-at="2024-08-30T22:09:45 IST" name="Surefire test" finished-at="2024-08-30T22:12:01 IST" duration-ms="136765">
      <class name="Testrunner.Testrunner">
        <test-method is-config="true" signature="setUpClass(org.testng.ITestContext)[pri:0, instance:Testrunner.Testrunner@64cd705f]" started-at="2024-08-30T22:09:45 IST" name="setUpClass" finished-at="2024-08-30T22:09:45 IST" duration-ms="694" status="PASS">
          <params>
            <param index="0">
              <value>
                <![CDATA[org.testng.TestRunner@45b15381]]>
              </value>
            </param>
          </params>
          <reporter-output>
          </reporter-output>
        </test-method> <!-- setUpClass -->
        <test-method signature="runScenario(io.cucumber.testng.PickleWrapper,io.cucumber.testng.FeatureWrapper)[pri:0, instance:Testrunner.Testrunner@64cd705f]" started-at="2024-08-30T22:09:45 IST" name="runScenario" description="Runs Cucumber Scenarios" data-provider="scenarios" finished-at="2024-08-30T22:10:10 IST" duration-ms="24818" status="PASS">
          <params>
            <param index="0">
              <value>
                <![CDATA["Browse and purchase from Electronics Accessories"]]>
              </value>
            </param>
            <param index="1">
              <value>
                <![CDATA["Electronicspage"]]>
              </value>
            </param>
          </params>
          <reporter-output>
          </reporter-output>
        </test-method> <!-- runScenario -->
        <test-method signature="runScenario(io.cucumber.testng.PickleWrapper,io.cucumber.testng.FeatureWrapper)[pri:0, instance:Testrunner.Testrunner@64cd705f]" started-at="2024-08-30T22:10:10 IST" name="runScenario" description="Runs Cucumber Scenarios" data-provider="scenarios" finished-at="2024-08-30T22:10:43 IST" duration-ms="32748" status="PASS">
          <params>
            <param index="0">
              <value>
                <![CDATA["Purchase Home Entertainment Product"]]>
              </value>
            </param>
            <param index="1">
              <value>
                <![CDATA["HomeEntertainmentPage"]]>
              </value>
            </param>
          </params>
          <reporter-output>
          </reporter-output>
        </test-method> <!-- runScenario -->
        <test-method signature="runScenario(io.cucumber.testng.PickleWrapper,io.cucumber.testng.FeatureWrapper)[pri:0, instance:Testrunner.Testrunner@64cd705f]" started-at="2024-08-30T22:10:43 IST" name="runScenario" description="Runs Cucumber Scenarios" data-provider="scenarios" finished-at="2024-08-30T22:10:45 IST" duration-ms="2334" status="PASS">
          <params>
            <param index="0">
              <value>
                <![CDATA["Navigate to Consumer Electronics"]]>
              </value>
            </param>
            <param index="1">
              <value>
                <![CDATA["Homepage Test:"]]>
              </value>
            </param>
          </params>
          <reporter-output>
          </reporter-output>
        </test-method> <!-- runScenario -->
        <test-method signature="runScenario(io.cucumber.testng.PickleWrapper,io.cucumber.testng.FeatureWrapper)[pri:0, instance:Testrunner.Testrunner@64cd705f]" started-at="2024-08-30T22:10:45 IST" name="runScenario" description="Runs Cucumber Scenarios" data-provider="scenarios" finished-at="2024-08-30T22:11:00 IST" duration-ms="14496" status="PASS">
          <params>
            <param index="0">
              <value>
                <![CDATA["Check Availability of Portable Speakers"]]>
              </value>
            </param>
            <param index="1">
              <value>
                <![CDATA["PortableAudio Page :"]]>
              </value>
            </param>
          </params>
          <reporter-output>
          </reporter-output>
        </test-method> <!-- runScenario -->
        <test-method signature="runScenario(io.cucumber.testng.PickleWrapper,io.cucumber.testng.FeatureWrapper)[pri:0, instance:Testrunner.Testrunner@64cd705f]" started-at="2024-08-30T22:11:00 IST" name="runScenario" description="Runs Cucumber Scenarios" data-provider="scenarios" finished-at="2024-08-30T22:11:19 IST" duration-ms="19253" status="PASS">
          <params>
            <param index="0">
              <value>
                <![CDATA["Compare Portable Devices"]]>
              </value>
            </param>
            <param index="1">
              <value>
                <![CDATA["PortableDevicesPage :"]]>
              </value>
            </param>
          </params>
          <reporter-output>
          </reporter-output>
        </test-method> <!-- runScenario -->
        <test-method signature="runScenario(io.cucumber.testng.PickleWrapper,io.cucumber.testng.FeatureWrapper)[pri:0, instance:Testrunner.Testrunner@64cd705f]" started-at="2024-08-30T22:11:19 IST" name="runScenario" description="Runs Cucumber Scenarios" data-provider="scenarios" finished-at="2024-08-30T22:11:29 IST" duration-ms="9668" status="PASS">
          <params>
            <param index="0">
              <value>
                <![CDATA["Navigate and interact with Printers page"]]>
              </value>
            </param>
            <param index="1">
              <value>
                <![CDATA["Printers Page Functionality"]]>
              </value>
            </param>
          </params>
          <reporter-output>
          </reporter-output>
        </test-method> <!-- runScenario -->
        <test-method signature="runScenario(io.cucumber.testng.PickleWrapper,io.cucumber.testng.FeatureWrapper)[pri:0, instance:Testrunner.Testrunner@64cd705f]" started-at="2024-08-30T22:11:29 IST" name="runScenario" description="Runs Cucumber Scenarios" data-provider="scenarios" finished-at="2024-08-30T22:12:01 IST" duration-ms="32673" status="PASS">
          <params>
            <param index="0">
              <value>
                <![CDATA["Purchase Security Device"]]>
              </value>
            </param>
            <param index="1">
              <value>
                <![CDATA["Purchasescuirity device test"]]>
              </value>
            </param>
          </params>
          <reporter-output>
          </reporter-output>
        </test-method> <!-- runScenario -->
        <test-method is-config="true" signature="tearDownClass()[pri:0, instance:Testrunner.Testrunner@64cd705f]" started-at="2024-08-30T22:12:01 IST" name="tearDownClass" finished-at="2024-08-30T22:12:01 IST" duration-ms="20" status="PASS">
          <reporter-output>
          </reporter-output>
        </test-method> <!-- tearDownClass -->
      </class> <!-- Testrunner.Testrunner -->
    </test> <!-- Surefire test -->
  </suite> <!-- Surefire suite -->
</testng-results>
