<?xml version="1.0" encoding="UTF-8"?>
<testsuite xmlns:xsi="http://www.w3.org/2001/XMLSchema-instance" xsi:noNamespaceSchemaLocation="https://maven.apache.org/surefire/maven-surefire-plugin/xsd/surefire-test-report.xsd" version="3.0.2" name="Testrunner.Testrunner" time="137.308" tests="7" errors="0" skipped="0" failures="0">
  <properties>
[...]
</properties>
  <testcase name="runScenario[&quot;Browse and purchase from Electronics Accessories&quot;, &quot;Electronicspage&quot;](1)" classname="Testrunner.Testrunner" time="24.819">
    <system-out><![CDATA[
@tag @tag1
Scenario: Browse and purchase from Electronics Accessories         &amp#27;[90m# src/test/resources/ElectronicsAccessories.feature:6&amp#27;[0m
  &amp#27;[32mGiven &amp#27;[0m&amp#27;[32mOpen the url and navigate to the Consumer Electronics page&amp#27;[0m &amp#27;[90m# Steps.Electronicsacessories.Open_the_url_and_navigate_to_the_Consumer_electronics_page()&amp#27;[0m
  &amp#27;[32mWhen &amp#27;[0m&amp#27;[32mI click on Electronics Accessories&amp#27;[0m                          &amp#27;[90m# Steps.Electronicsacessories.i_click_on_electronics_accessories()&amp#27;[0m
  &amp#27;[32mAnd &amp#27;[0m&amp#27;[32mI apply the following filters:&amp#27;[0m                               &amp#27;[90m# Steps.Electronicsacessories.i_apply_the_following_filters(io.cucumber.datatable.DataTable)&amp#27;[0m
    | Cash on Delivery     |
    | Exclude out of stock |
    | Free shipping        |
  &amp#27;[32mAnd &amp#27;[0m&amp#27;[32mI select Casio brand&amp#27;[0m                                         &amp#27;[90m# Steps.Electronicsacessories.i_select_casio_brand()&amp#27;[0m
  &amp#27;[32mAnd &amp#27;[0m&amp#27;[32mI select a price range&amp#27;[0m                                       &amp#27;[90m# Steps.Electronicsacessories.i_select_a_price_range()&amp#27;[0m
  &amp#27;[32mAnd &amp#27;[0m&amp#27;[32mI click on the second product&amp#27;[0m                                &amp#27;[90m# Steps.Electronicsacessories.i_click_on_the_second_product()&amp#27;[0m
  &amp#27;[32mThen &amp#27;[0m&amp#27;[32mI should be able to add the product to cart&amp#27;[0m                 &amp#27;[90m# Steps.Electronicsacessories.i_should_be_able_to_add_the_product_to_cart()&amp#27;[0m
  &amp#27;[32mAnd &amp#27;[0m&amp#27;[32mI should be able to proceed to checkout&amp#27;[0m                      &amp#27;[90m# Steps.Electronicsacessories.i_should_be_able_to_proceed_to_checkout()&amp#27;[0m
  &amp#27;[32mAnd &amp#27;[0m&amp#27;[32mI should be able to navigate back to homepage&amp#27;[0m                &amp#27;[90m# Steps.Electronicsacessories.i_should_be_able_to_navigate_back_to_homepage()&amp#27;[0m
]]></system-out>
    <system-err><![CDATA[SLF4J: Failed to load class "org.slf4j.impl.StaticLoggerBinder".
SLF4J: Defaulting to no-operation (NOP) logger implementation
SLF4J: See http://www.slf4j.org/codes.html#StaticLoggerBinder for further details.
Aug 30, 2024 10:09:47 PM org.openqa.selenium.devtools.CdpVersionFinder findNearestMatch
WARNING: Unable to find an exact match for CDP version 128, returning the closest version; found: 127; Please update to a Selenium version that supports CDP version 128
]]></system-err>
  </testcase>
  <testcase name="runScenario[&quot;Purchase Home Entertainment Product&quot;, &quot;HomeEntertainmentPage&quot;](2)" classname="Testrunner.Testrunner" time="32.723">
    <system-out><![CDATA[
Scenario: Purchase Home Entertainment Product                  &amp#27;[90m# src/test/resources/HomeEntertainment.feature:5&amp#27;[0m
  &amp#27;[32mGiven &amp#27;[0m&amp#27;[32mconsumer electronics page&amp#27;[0m                              &amp#27;[90m# Steps.HomeEntertainment.i_am_on_the_consumer_electronics_page()&amp#27;[0m
  &amp#27;[32mWhen &amp#27;[0m&amp#27;[32mclick on Home Entertainment&amp#27;[0m                             &amp#27;[90m# Steps.HomeEntertainment.click_on_home_entertainment()&amp#27;[0m
  &amp#27;[32mWhen &amp#27;[0m&amp#27;[32mclick on Home Speakers&amp#27;[0m                                  &amp#27;[90m# Steps.HomeEntertainment.click_on_home_speakers()&amp#27;[0m
  &amp#27;[32mWhen &amp#27;[0m&amp#27;[32menter pincode&amp#27;[0m                                           &amp#27;[90m# Steps.HomeEntertainment.enter_pincode()&amp#27;[0m
  &amp#27;[32mWhen &amp#27;[0m&amp#27;[32mclick Set button&amp#27;[0m                                        &amp#27;[90m# Steps.HomeEntertainment.click_set_button()&amp#27;[0m
  &amp#27;[32mWhen &amp#27;[0m&amp#27;[32mselect branded item&amp#27;[0m                                     &amp#27;[90m# Steps.HomeEntertainment.select_branded_item()&amp#27;[0m
  &amp#27;[32mWhen &amp#27;[0m&amp#27;[32mselect discount range&amp#27;[0m                                   &amp#27;[90m# Steps.HomeEntertainment.i_select_a_discount_range()&amp#27;[0m
  &amp#27;[32mWhen &amp#27;[0m&amp#27;[32mselect product type&amp#27;[0m                                     &amp#27;[90m# Steps.HomeEntertainment.i_select_a_product_type()&amp#27;[0m
  &amp#27;[32mWhen &amp#27;[0m&amp#27;[32mI select the Blue color option&amp#27;[0m                          &amp#27;[90m# Steps.HomeEntertainment.i_select_the_blue_color_option()&amp#27;[0m
  &amp#27;[32mWhen &amp#27;[0m&amp#27;[32mI add the product to cart and proceed back to home page&amp#27;[0m &amp#27;[90m# Steps.HomeEntertainment.i_add_the_product_to_cart_and_proceed_back_to_home_page()&amp#27;[0m
]]></system-out>
  </testcase>
  <testcase name="runScenario[&quot;Navigate to Consumer Electronics&quot;, &quot;Homepage Test:&quot;](3)" classname="Testrunner.Testrunner" time="2.332">
    <system-out><![CDATA[
@tag @tag1 @homepage
Scenario: Navigate to Consumer Electronics &amp#27;[90m# src/test/resources/Homepage.feature:6&amp#27;[0m
  &amp#27;[32mGiven &amp#27;[0m&amp#27;[32mI am on the Naaptol homepage&amp#27;[0m       &amp#27;[90m# Steps.Homepagetest.i_am_on_the_naaptol_homepage()&amp#27;[0m
  &amp#27;[32mWhen &amp#27;[0m&amp#27;[32mI click on the Shopping category&amp#27;[0m    &amp#27;[90m# Steps.Homepagetest.i_click_on_the_shopping_category()&amp#27;[0m
  &amp#27;[32mAnd &amp#27;[0m&amp#27;[32mI click on Consumer Electronics&amp#27;[0m      &amp#27;[90m# Steps.Homepagetest.i_click_on_consumer_electronics()&amp#27;[0m
]]></system-out>
  </testcase>
  <testcase name="runScenario[&quot;Check Availability of Portable Speakers&quot;, &quot;PortableAudio Page :&quot;](4)" classname="Testrunner.Testrunner" time="14.498">
    <system-out><![CDATA[
@tag @tag1 @portable-audios
Scenario: Check Availability of Portable Speakers &amp#27;[90m# src/test/resources/PortableAudios.feature:7&amp#27;[0m
  &amp#27;[32mGiven &amp#27;[0m&amp#27;[32mI am on the Consumer Electronics page&amp#27;[0m     &amp#27;[90m# Steps.PortableAudios.i_am_on_the_consumer_electronics_page()&amp#27;[0m
  &amp#27;[32mWhen &amp#27;[0m&amp#27;[32mI click on Portable Audios&amp#27;[0m                 &amp#27;[90m# Steps.PortableAudios.i_click_on_portable_audios()&amp#27;[0m
  &amp#27;[32mWhen &amp#27;[0m&amp#27;[32mI click on Portable Speakers&amp#27;[0m               &amp#27;[90m# Steps.PortableAudios.i_click_on_portable_speakers()&amp#27;[0m
  &amp#27;[32mThen &amp#27;[0m&amp#27;[32mI should see a message&amp#27;[0m                     &amp#27;[90m# Steps.PortableAudios.i_should_see_a_message()&amp#27;[0m
]]></system-out>
  </testcase>
  <testcase name="runScenario[&quot;Compare Portable Devices&quot;, &quot;PortableDevicesPage :&quot;](5)" classname="Testrunner.Testrunner" time="19.249">
    <system-out><![CDATA[
@tag @tag1 @portable-devices
Scenario: Compare Portable Devices                                     &amp#27;[90m# src/test/resources/PortableDevices.feature:5&amp#27;[0m
  &amp#27;[32mGiven &amp#27;[0m&amp#27;[32mnavigate Consumer Electronics page&amp#27;[0m                             &amp#27;[90m# Steps.PortableDevices.navigate_consumer_electronics_page()&amp#27;[0m
  &amp#27;[32mWhen &amp#27;[0m&amp#27;[32mI click on Portable Devices&amp#27;[0m                                     &amp#27;[90m# Steps.PortableDevices.i_click_on_portable_devices()&amp#27;[0m
  &amp#27;[32mAnd &amp#27;[0m&amp#27;[32mI select a branded item,price range&amp#27;[0m                              &amp#27;[90m# Steps.PortableDevices.i_select_a_branded_item_price_range()&amp#27;[0m
  &amp#27;[32mAnd &amp#27;[0m&amp#27;[32mI select two items to compare and click comparebtn&amp#27;[0m               &amp#27;[90m# Steps.PortableDevices.i_select_two_items_to_compare_and_click_comparebtn()&amp#27;[0m
  &amp#27;[32mAnd &amp#27;[0m&amp#27;[32mI should be able to view the comparison results and close window&amp#27;[0m &amp#27;[90m# Steps.PortableDevices.i_should_be_able_to_view_the_comparison_results_and_close_window()&amp#27;[0m
]]></system-out>
  </testcase>
  <testcase name="runScenario[&quot;Navigate and interact with Printers page&quot;, &quot;Printers Page Functionality&quot;](6)" classname="Testrunner.Testrunner" time="9.676">
    <system-out><![CDATA[
Scenario: Navigate and interact with Printers page &amp#27;[90m# src/test/resources/Printers.feature:3&amp#27;[0m
  &amp#27;[32mGiven &amp#27;[0m&amp#27;[32mConsumer Electronics page&amp#27;[0m                  &amp#27;[90m# Steps.Printers.consumer_electronics_page()&amp#27;[0m
  &amp#27;[32mWhen &amp#27;[0m&amp#27;[32mI click on Printers&amp#27;[0m                         &amp#27;[90m# Steps.Printers.i_click_on_printers()&amp#27;[0m
  &amp#27;[32mAnd &amp#27;[0m&amp#27;[32mI click on the first product&amp#27;[0m                 &amp#27;[90m# Steps.Printers.i_click_on_the_first_product()&amp#27;[0m
  &amp#27;[32mAnd &amp#27;[0m&amp#27;[32mI click on the different images&amp#27;[0m              &amp#27;[90m# Steps.Printers.i_click_on_the_different_images()&amp#27;[0m
]]></system-out>
  </testcase>
  <testcase name="runScenario[&quot;Purchase Security Device&quot;, &quot;Purchasescuirity device test&quot;](7)" classname="Testrunner.Testrunner" time="32.665">
    <system-out><![CDATA[
Scenario: Purchase Security Device                              &amp#27;[90m# src/test/resources/Secuiritydevices.feature:3&amp#27;[0m
  &amp#27;[32mGiven &amp#27;[0m&amp#27;[32mI am on Consumer Electronics&amp#27;[0m                            &amp#27;[90m# Steps.Secuiritydevices.i_am_on_consumer_electronics()&amp#27;[0m
  &amp#27;[32mWhen &amp#27;[0m&amp#27;[32mI click on Security and Gadgets&amp#27;[0m                          &amp#27;[90m# Steps.Secuiritydevices.i_click_on_security_and_gadgets()&amp#27;[0m
  &amp#27;[32mAnd &amp#27;[0m&amp#27;[32mI click on Security Devices&amp#27;[0m                               &amp#27;[90m# Steps.Secuiritydevices.i_click_on_security_devices()&amp#27;[0m
  &amp#27;[32mAnd &amp#27;[0m&amp#27;[32mI sort the products by cheapest first&amp#27;[0m                     &amp#27;[90m# Steps.Secuiritydevices.i_sort_the_products_by_cheapest_first()&amp#27;[0m
  &amp#27;[32mAnd &amp#27;[0m&amp#27;[32mApplying filters&amp#27;[0m                                          &amp#27;[90m# Steps.Secuiritydevices.applying_filters()&amp#27;[0m
  &amp#27;[32mAnd &amp#27;[0m&amp#27;[32mI enter the pincode ,and click check&amp#27;[0m                      &amp#27;[90m# Steps.Secuiritydevices.i_enter_the_pincode_and_click_check()&amp#27;[0m
  &amp#27;[32mThen &amp#27;[0m&amp#27;[32mI should be able addtocart,proceed checkout and backhome&amp#27;[0m &amp#27;[90m# Steps.Secuiritydevices.i_should_be_able_addtocart_proceed_checkout_and_backhome()&amp#27;[0m
]]></system-out>
  </testcase>
</testsuite>