<?xml version="1.0" encoding="UTF-8"?>
<testng-results ignored="0" total="7" passed="7" failed="0" skipped="0">
  <reporter-output>
  </reporter-output>
  <suite started-at="2024-08-31T16:11:35 IST" name="Default suite" finished-at="2024-08-31T16:13:07 IST" duration-ms="92238">
    <groups>
      <group name="cucumber">
        <method signature="AbstractTestNGCucumberTests.runScenario(io.cucumber.testng.PickleWrapper,io.cucumber.testng.FeatureWrapper)[pri:0, instance:Testrunner.Testrunner@7d8704ef]" name="runScenario" class="io.cucumber.testng.AbstractTestNGCucumberTests"/>
      </group> <!-- cucumber -->
    </groups>
    <test started-at="2024-08-31T16:11:35 IST" name="Default test" finished-at="2024-08-31T16:13:07 IST" duration-ms="92238">
      <class name="Testrunner.Testrunner">
        <test-method is-config="true" signature="setUpClass(org.testng.ITestContext)[pri:0, instance:Testrunner.Testrunner@7d8704ef]" started-at="2024-08-31T16:11:35 IST" name="setUpClass" finished-at="2024-08-31T16:11:36 IST" duration-ms="880" status="PASS">
          <params>
            <param index="0">
              <value>
                <![CDATA[org.testng.TestRunner@5bcec67e]]>
              </value>
            </param>
          </params>
          <reporter-output>
          </reporter-output>
        </test-method> <!-- setUpClass -->
        <test-method signature="runScenario(io.cucumber.testng.PickleWrapper,io.cucumber.testng.FeatureWrapper)[pri:0, instance:Testrunner.Testrunner@7d8704ef]" started-at="2024-08-31T16:11:36 IST" name="runScenario" description="Runs Cucumber Scenarios" data-provider="scenarios" finished-at="2024-08-31T16:12:04 IST" duration-ms="27929" status="PASS">
          <params>
            <param index="0">
              <value>
                <![CDATA["Browse and purchase from Electronics Accessories"]]>
              </value>
            </param>
            <param index="1">
              <value>
                <![CDATA["Electronicspage"]]>
              </value>
            </param>
          </params>
          <reporter-output>
          </reporter-output>
        </test-method> <!-- runScenario -->
        <test-method signature="runScenario(io.cucumber.testng.PickleWrapper,io.cucumber.testng.FeatureWrapper)[pri:0, instance:Testrunner.Testrunner@7d8704ef]" started-at="2024-08-31T16:12:04 IST" name="runScenario" description="Runs Cucumber Scenarios" data-provider="scenarios" finished-at="2024-08-31T16:12:20 IST" duration-ms="15451" status="PASS">
          <params>
            <param index="0">
              <value>
                <![CDATA["Purchase Home Entertainment Product"]]>
              </value>
            </param>
            <param index="1">
              <value>
                <![CDATA["HomeEntertainmentPage"]]>
              </value>
            </param>
          </params>
          <reporter-output>
          </reporter-output>
        </test-method> <!-- runScenario -->
        <test-method signature="runScenario(io.cucumber.testng.PickleWrapper,io.cucumber.testng.FeatureWrapper)[pri:0, instance:Testrunner.Testrunner@7d8704ef]" started-at="2024-08-31T16:12:20 IST" name="runScenario" description="Runs Cucumber Scenarios" data-provider="scenarios" finished-at="2024-08-31T16:12:22 IST" duration-ms="2222" status="PASS">
          <params>
            <param index="0">
              <value>
                <![CDATA["Navigate to Consumer Electronics"]]>
              </value>
            </param>
            <param index="1">
              <value>
                <![CDATA["Homepage Test:"]]>
              </value>
            </param>
          </params>
          <reporter-output>
          </reporter-output>
        </test-method> <!-- runScenario -->
        <test-method signature="runScenario(io.cucumber.testng.PickleWrapper,io.cucumber.testng.FeatureWrapper)[pri:0, instance:Testrunner.Testrunner@7d8704ef]" started-at="2024-08-31T16:12:22 IST" name="runScenario" description="Runs Cucumber Scenarios" data-provider="scenarios" finished-at="2024-08-31T16:12:32 IST" duration-ms="9972" status="PASS">
          <params>
            <param index="0">
              <value>
                <![CDATA["Check Availability of Portable Speakers"]]>
              </value>
            </param>
            <param index="1">
              <value>
                <![CDATA["PortableAudio Page :"]]>
              </value>
            </param>
          </params>
          <reporter-output>
          </reporter-output>
        </test-method> <!-- runScenario -->
        <test-method signature="runScenario(io.cucumber.testng.PickleWrapper,io.cucumber.testng.FeatureWrapper)[pri:0, instance:Testrunner.Testrunner@7d8704ef]" started-at="2024-08-31T16:12:32 IST" name="runScenario" description="Runs Cucumber Scenarios" data-provider="scenarios" finished-at="2024-08-31T16:12:42 IST" duration-ms="10279" status="PASS">
          <params>
            <param index="0">
              <value>
                <![CDATA["Compare Portable Devices"]]>
              </value>
            </param>
            <param index="1">
              <value>
                <![CDATA["PortableDevicesPage :"]]>
              </value>
            </param>
          </params>
          <reporter-output>
          </reporter-output>
        </test-method> <!-- runScenario -->
        <test-method signature="runScenario(io.cucumber.testng.PickleWrapper,io.cucumber.testng.FeatureWrapper)[pri:0, instance:Testrunner.Testrunner@7d8704ef]" started-at="2024-08-31T16:12:42 IST" name="runScenario" description="Runs Cucumber Scenarios" data-provider="scenarios" finished-at="2024-08-31T16:12:52 IST" duration-ms="9716" status="PASS">
          <params>
            <param index="0">
              <value>
                <![CDATA["Navigate and interact with Printers page"]]>
              </value>
            </param>
            <param index="1">
              <value>
                <![CDATA["Printers Page Functionality"]]>
              </value>
            </param>
          </params>
          <reporter-output>
          </reporter-output>
        </test-method> <!-- runScenario -->
        <test-method signature="runScenario(io.cucumber.testng.PickleWrapper,io.cucumber.testng.FeatureWrapper)[pri:0, instance:Testrunner.Testrunner@7d8704ef]" started-at="2024-08-31T16:12:52 IST" name="runScenario" description="Runs Cucumber Scenarios" data-provider="scenarios" finished-at="2024-08-31T16:13:07 IST" duration-ms="15632" status="PASS">
          <params>
            <param index="0">
              <value>
                <![CDATA["Purchase Security Device"]]>
              </value>
            </param>
            <param index="1">
              <value>
                <![CDATA["Purchasescuirity device test"]]>
              </value>
            </param>
          </params>
          <reporter-output>
          </reporter-output>
        </test-method> <!-- runScenario -->
        <test-method is-config="true" signature="tearDownClass()[pri:0, instance:Testrunner.Testrunner@7d8704ef]" started-at="2024-08-31T16:13:07 IST" name="tearDownClass" finished-at="2024-08-31T16:13:07 IST" duration-ms="39" status="PASS">
          <reporter-output>
          </reporter-output>
        </test-method> <!-- tearDownClass -->
      </class> <!-- Testrunner.Testrunner -->
    </test> <!-- Default test -->
  </suite> <!-- Default suite -->
</testng-results>
